Arguments: 
  C:\Program Files\nodejs\node.exe C:\Users\15990\AppData\Roaming\npm\node_modules\yarn\bin\yarn.js init

PATH: 
  C:\Users\15990\bin;C:\Program Files\Git\mingw64\bin;C:\Program Files\Git\usr\local\bin;C:\Program Files\Git\usr\bin;C:\Program Files\Git\usr\bin;C:\Program Files\Git\mingw64\bin;C:\Program Files\Git\usr\bin;C:\Users\15990\bin;C:\Program Files\Java\jdk1.8.0_311\bin;C:\Program Files (x86)\Common Files\Oracle\Java\javapath;C:\Windows\system32;C:\Windows;C:\Windows\System32\Wbem;C:\Windows\System32\WindowsPowerShell\v1.0;C:\Windows\System32\OpenSSH;C:\Program Files (x86)\NVIDIA Corporation\PhysX\Common;C:\Program Files\NVIDIA Corporation\NVIDIA NvDLISR;C:\Program Files\nodejs;C:\Program Files\Git\cmd;C:\Python27;C:\Python27\Scripts;D:\Program Files\Tencent\微信web开发者工具\dll;C:\Program Files\dotnet;C:\MinGW\bin;C:\Program Files (x86)\dotnet;C:\Users\15990\AppData\Local\Programs\Python\Python310\Scripts;C:\Users\15990\AppData\Local\Programs\Python\Python310;C:\Users\15990\AppData\Local\Microsoft\WindowsApps;D:\Program Files\Microsoft VS Code\bin;C:\Users\15990\AppData\Roaming\npm;E:\Program Files\JetBrains\PyCharm 2022.1\bin;C:\Program Files\Git\usr\bin\vendor_perl;C:\Program Files\Git\usr\bin\core_perl

Yarn version: 
  1.22.19

Node version: 
  16.13.2

Platform: 
  win32 x64

Trace: 
  Error: Can't answer a question unless a user TTY
      at ConsoleReporter.question (C:\Users\15990\AppData\Roaming\npm\node_modules\yarn\lib\cli.js:92864:59)
      at Object.<anonymous> (C:\Users\15990\AppData\Roaming\npm\node_modules\yarn\lib\cli.js:85054:38)
      at Generator.next (<anonymous>)
      at step (C:\Users\15990\AppData\Roaming\npm\node_modules\yarn\lib\cli.js:310:30)
      at C:\Users\15990\AppData\Roaming\npm\node_modules\yarn\lib\cli.js:321:13
      at processTicksAndRejections (node:internal/process/task_queues:96:5)

npm manifest: 
  {
    "name": "sticky-notes",
    "version": "0.0.0",
    "license": "ISC",
    "author": "binbin",
    "description": "跨平台的todo应用",
    "scripts": {
      "dev": "vite",
      "build": "vue-tsc --noEmit && vite build",
      "preview": "vite preview"
    },
    "dependencies": {
      "@electron/remote": "^2.0.1",
      "electron-store": "^8.0.1",
      "lodash": "^4.17.21",
      "moment": "^2.29.1",
      "simple-flakeid": "^0.0.5",
      "vue": "^3.2.25",
      "vue-router": "^4.0.12"
    },
    "devDependencies": {
      "@bin-tools/build-electron": "^1.0.4",
      "@vitejs/plugin-vue": "^2.0.0",
      "electron": "^16.0.7",
      "electron-builder": "^22.14.5",
      "less": "^4.1.2",
      "less-loader": "^10.2.0",
      "naive-ui": "^2.24.6",
      "typescript": "^4.4.4",
      "vite": "^2.7.2",
      "vue-tsc": "^0.29.8"
    }
  }

yarn manifest: 
  No manifest

Lockfile: 
  No lockfile
